0 info it worked if it ends with ok
1 verbose cli [ '/usr/local/bin/node', '/usr/local/bin/npm', 'start' ]
2 info using npm@3.10.3
3 info using node@v4.2.3
4 verbose run-script [ 'prestart', 'start', 'poststart' ]
5 info lifecycle node-server@1.0.0~prestart: node-server@1.0.0
6 silly lifecycle node-server@1.0.0~prestart: no script for prestart, continuing
7 info lifecycle node-server@1.0.0~start: node-server@1.0.0
8 verbose lifecycle node-server@1.0.0~start: unsafe-perm in lifecycle true
9 verbose lifecycle node-server@1.0.0~start: PATH: /usr/local/lib/node_modules/npm/bin/node-gyp-bin:/Users/xiezhiyan/node-server/node_modules/.bin:/usr/local/bin:/Users/xiezhiyan/.rvm/gems/ruby-2.2.2/bin:/Users/xiezhiyan/.rvm/gems/ruby-2.2.2@global/bin:/Users/xiezhiyan/.rvm/rubies/ruby-2.2.2/bin:/Library/Frameworks/Python.framework/Versions/2.7/bin:/usr/local/bin:/usr/bin:/bin:/usr/sbin:/sbin:/Users/xiezhiyan/.rvm/bin:/Users/xiezhiyan/.rvm/bin:/Applications/Postgres.app/Contents/Versions/latest/bin
10 verbose lifecycle node-server@1.0.0~start: CWD: /Users/xiezhiyan/node-server
11 silly lifecycle node-server@1.0.0~start: Args: [ '-c', 'dnode app.js' ]
12 info lifecycle node-server@1.0.0~start: Failed to exec start script
13 verbose stack Error: node-server@1.0.0 start: `dnode app.js`
13 verbose stack spawn ENOENT
13 verbose stack     at ChildProcess.<anonymous> (/usr/local/lib/node_modules/npm/lib/utils/spawn.js:33:16)
13 verbose stack     at emitTwo (events.js:87:13)
13 verbose stack     at ChildProcess.emit (events.js:172:7)
13 verbose stack     at maybeClose (internal/child_process.js:818:16)
13 verbose stack     at Process.ChildProcess._handle.onexit (internal/child_process.js:211:5)
14 verbose pkgid node-server@1.0.0
15 verbose cwd /Users/xiezhiyan/node-server
16 error Darwin 14.5.0
17 error argv "/usr/local/bin/node" "/usr/local/bin/npm" "start"
18 error node v4.2.3
19 error npm  v3.10.3
20 error file sh
21 error code ELIFECYCLE
22 error errno ENOENT
23 error syscall spawn
24 error node-server@1.0.0 start: `dnode app.js`
24 error spawn ENOENT
25 error Failed at the node-server@1.0.0 start script 'dnode app.js'.
25 error Make sure you have the latest version of node.js and npm installed.
25 error If you do, this is most likely a problem with the node-server package,
25 error not with npm itself.
25 error Tell the author that this fails on your system:
25 error     dnode app.js
25 error You can get information on how to open an issue for this project with:
25 error     npm bugs node-server
25 error Or if that isn't available, you can get their info via:
25 error     npm owner ls node-server
25 error There is likely additional logging output above.
26 verbose exit [ 1, true ]
